This file contains any messages produced by compilers while
running configure, to aid debugging if configure makes a mistake.

It was created by libgfapi-jni configure 1.0.4, which was
generated by GNU Autoconf 2.71.  Invocation command line was

  $ ./configure --with-osxsdk

## --------- ##
## Platform. ##
## --------- ##

hostname = Sevens-MacBook-Air.local
uname -m = x86_64
uname -r = 21.5.0
uname -s = Darwin
uname -v = Darwin Kernel Version 21.5.0: Tue Apr 26 21:08:22 PDT 2022; root:xnu-8020.121.3~4/RELEASE_X86_64

/usr/bin/uname -p = i386
/bin/uname -X     = unknown

/bin/arch              = unknown
/usr/bin/arch -k       = unknown
/usr/convex/getsysinfo = unknown
/usr/bin/hostinfo      = Mach kernel version:
	 Darwin Kernel Version 21.5.0: Tue Apr 26 21:08:22 PDT 2022; root:xnu-8020.121.3~4/RELEASE_X86_64
Kernel configured for up to 8 processors.
4 processors are physically available.
8 processors are logically available.
Processor type: x86_64h (Intel x86-64h Haswell)
Processors active: 0 1 2 3 4 5 6 7
Primary memory available: 8.00 gigabytes
Default processor set: 632 tasks, 2790 threads, 8 processors
Load average: 2.90, Mach factor: 5.13
/bin/machine           = unknown
/usr/bin/oslevel       = unknown
/bin/universe          = unknown

PATH: /usr/local/opt/mysql@5.7/bin/
PATH: /Library/Frameworks/Python.framework/Versions/3.7/bin/
PATH: /opt/local/bin/
PATH: /usr/local/bin/
PATH: /Library/Frameworks/Python.framework/Versions/2.7/bin/
PATH: /opt/gradle/bin/
PATH: /usr/local/bin/
PATH: /usr/bin/
PATH: /bin/
PATH: /usr/sbin/
PATH: /sbin/
PATH: /usr/local/go/bin/


## ----------- ##
## Core tests. ##
## ----------- ##

configure:2361: looking for aux files: missing ltmain.sh ar-lib install-sh compile config.guess config.sub
configure:2374:  trying ./autotools/
configure:2403:   ./autotools/missing found
configure:2403:   ./autotools/ltmain.sh found
configure:2403:   ./autotools/ar-lib found
configure:2385:   ./autotools/install-sh found
configure:2403:   ./autotools/compile found
configure:2403:   ./autotools/config.guess found
configure:2403:   ./autotools/config.sub found
configure:2526: checking build system type
configure:2541: result: x86_64-apple-darwin21.5.0
configure:2561: checking host system type
configure:2575: result: x86_64-apple-darwin21.5.0
configure:2595: checking target system type
configure:2609: result: x86_64-apple-darwin21.5.0
configure:2702: checking for gcc
configure:2723: found /usr/bin/gcc
configure:2734: result: gcc
configure:3087: checking for C compiler version
configure:3096: gcc --version >&5
Apple clang version 13.1.6 (clang-1316.0.21.2.5)
Target: x86_64-apple-darwin21.5.0
Thread model: posix
InstalledDir: /Library/Developer/CommandLineTools/usr/bin
configure:3107: $? = 0
configure:3096: gcc -v >&5
Apple clang version 13.1.6 (clang-1316.0.21.2.5)
Target: x86_64-apple-darwin21.5.0
Thread model: posix
InstalledDir: /Library/Developer/CommandLineTools/usr/bin
configure:3107: $? = 0
configure:3096: gcc -V >&5
clang: error: argument to '-V' is missing (expected 1 value)
clang: error: no input files
configure:3107: $? = 1
configure:3096: gcc -qversion >&5
clang: error: unknown argument '-qversion'; did you mean '--version'?
clang: error: no input files
configure:3107: $? = 1
configure:3096: gcc -version >&5
clang: error: unknown argument '-version'; did you mean '--version'?
clang: error: no input files
configure:3107: $? = 1
configure:3127: checking whether the C compiler works
configure:3149: gcc    conftest.c  >&5
configure:3153: $? = 0
configure:3203: result: yes
configure:3206: checking for C compiler default output file name
configure:3208: result: a.out
configure:3214: checking for suffix of executables
configure:3221: gcc -o conftest    conftest.c  >&5
configure:3225: $? = 0
configure:3248: result: 
configure:3270: checking whether we are cross compiling
configure:3278: gcc -o conftest    conftest.c  >&5
configure:3282: $? = 0
configure:3289: ./conftest
configure:3293: $? = 0
configure:3308: result: no
configure:3313: checking for suffix of object files
configure:3336: gcc -c   conftest.c >&5
configure:3340: $? = 0
configure:3362: result: o
configure:3366: checking whether the compiler supports GNU C
configure:3386: gcc -c   conftest.c >&5
configure:3386: $? = 0
configure:3396: result: yes
configure:3407: checking whether gcc accepts -g
configure:3428: gcc -c -g  conftest.c >&5
configure:3428: $? = 0
configure:3472: result: yes
configure:3492: checking for gcc option to enable C11 features
configure:3507: gcc  -c -g -O2  conftest.c >&5
configure:3507: $? = 0
configure:3525: result: none needed
configure:3645: checking whether gcc understands -c and -o together
configure:3668: gcc -c conftest.c -o conftest2.o
configure:3671: $? = 0
configure:3668: gcc -c conftest.c -o conftest2.o
configure:3671: $? = 0
configure:3683: result: yes
configure:3715: checking for a BSD-compatible install
configure:3788: result: /usr/bin/install -c
configure:3856: checking for ar
configure:3877: found /usr/bin/ar
configure:3888: result: ar
configure:3914: checking the archiver (ar) interface
configure:3931: gcc -c -g -O2  conftest.c >&5
configure:3931: $? = 0
configure:3934: ar cru libconftest.a conftest.o >&5
configure:3937: $? = 0
configure:3965: result: ar
configure:4032: checking how to print strings
configure:4059: result: printf
configure:4080: checking for a sed that does not truncate output
configure:4150: result: /usr/local/bin/gsed
configure:4168: checking for grep that handles long lines and -e
configure:4232: result: /usr/local/bin/ggrep
configure:4237: checking for egrep
configure:4305: result: /usr/local/bin/ggrep -E
configure:4310: checking for fgrep
configure:4378: result: /usr/local/bin/ggrep -F
configure:4414: checking for ld used by gcc
configure:4482: result: /Library/Developer/CommandLineTools/usr/bin/ld
configure:4489: checking if the linker (/Library/Developer/CommandLineTools/usr/bin/ld) is GNU ld
configure:4505: result: no
configure:4517: checking for BSD- or MS-compatible name lister (nm)
configure:4572: result: /usr/bin/nm -B
configure:4712: checking the name lister (/usr/bin/nm -B) interface
configure:4720: gcc -c -g -O2  conftest.c >&5
configure:4723: /usr/bin/nm -B "conftest.o"
configure:4726: output
0000000000000230 S _some_variable
configure:4733: result: BSD nm
configure:4736: checking whether ln -s works
configure:4740: result: yes
configure:4748: checking the maximum length of command line arguments
configure:4880: result: 786432
configure:4928: checking how to convert x86_64-apple-darwin21.5.0 file names to x86_64-apple-darwin21.5.0 format
configure:4969: result: func_convert_file_noop
configure:4976: checking how to convert x86_64-apple-darwin21.5.0 file names to toolchain format
configure:4997: result: func_convert_file_noop
configure:5004: checking for /Library/Developer/CommandLineTools/usr/bin/ld option to reload object files
configure:5012: result: -r
configure:5091: checking for objdump
configure:5112: found /usr/bin/objdump
configure:5123: result: objdump
configure:5155: checking how to recognize dependent libraries
configure:5356: result: pass_all
configure:5446: checking for dlltool
configure:5481: result: no
configure:5511: checking how to associate runtime and link libraries
configure:5539: result: printf %s\n
configure:5673: checking for archiver @FILE support
configure:5691: gcc -c -g -O2  conftest.c >&5
configure:5691: $? = 0
configure:5695: ar cru libconftest.a @conftest.lst >&5
ar: @conftest.lst: No such file or directory
configure:5698: $? = 1
configure:5718: result: no
configure:5781: checking for strip
configure:5802: found /usr/bin/strip
configure:5813: result: strip
configure:5890: checking for ranlib
configure:5911: found /usr/bin/ranlib
configure:5922: result: ranlib
configure:5999: checking for gawk
configure:6020: found /usr/local/bin/gawk
configure:6031: result: gawk
configure:6071: checking command to parse /usr/bin/nm -B output from gcc object
configure:6225: gcc -c -g -O2  conftest.c >&5
configure:6228: $? = 0
configure:6232: /usr/bin/nm -B conftest.o \| sed -n -e 's/^.*[ ]\([ABCDGIRSTW][ABCDGIRSTW]*\)[ ][ ]*\([_A-Za-z][_A-Za-z0-9]*\)$/\1 \2 \2/p' | sed '/ __gnu_lto/d' \> conftest.nm
configure:6235: $? = 0
cannot find nm_test_var in conftest.nm
configure:6225: gcc -c -g -O2  conftest.c >&5
configure:6228: $? = 0
configure:6232: /usr/bin/nm -B conftest.o \| sed -n -e 's/^.*[ ]\([ABCDGIRSTW][ABCDGIRSTW]*\)[ ][ ]*_\([_A-Za-z][_A-Za-z0-9]*\)$/\1 _\2 \2/p' | sed '/ __gnu_lto/d' \> conftest.nm
configure:6235: $? = 0
configure:6301: gcc -o conftest -g -O2   conftest.c conftstm.o >&5
warning: (x86_64)  could not find object file symbol for symbol _main
configure:6304: $? = 0
configure:6342: result: ok
configure:6389: checking for sysroot
configure:6420: result: no
configure:6427: checking for a working dd
configure:6471: result: /bin/dd
configure:6475: checking how to truncate binary pipes
configure:6491: result: /bin/dd bs=4096 count=1
configure:6828: checking for mt
configure:6863: result: no
configure:6883: checking if : is a manifest tool
configure:6890: : '-?'
configure:6898: result: no
configure:6959: checking for dsymutil
configure:6980: found /usr/bin/dsymutil
configure:6991: result: dsymutil
configure:7061: checking for nmedit
configure:7082: found /usr/bin/nmedit
configure:7093: result: nmedit
configure:7163: checking for lipo
configure:7184: found /usr/bin/lipo
configure:7195: result: lipo
configure:7265: checking for otool
configure:7286: found /usr/bin/otool
configure:7297: result: otool
configure:7367: checking for otool64
configure:7402: result: no
configure:7447: checking for -single_module linker flag
gcc -g -O2  -o libconftest.dylib -dynamiclib -Wl,-single_module conftest.c
configure:7481: result: yes
configure:7484: checking for -exported_symbols_list linker flag
configure:7505: gcc -o conftest -g -O2   -Wl,-exported_symbols_list,conftest.sym conftest.c  >&5
configure:7505: $? = 0
configure:7516: result: yes
configure:7519: checking for -force_load linker flag
gcc -g -O2 -c -o conftest.o conftest.c
ar cru libconftest.a conftest.o
ranlib libconftest.a
gcc -g -O2  -o conftest conftest.c -Wl,-force_load,./libconftest.a
configure:7552: result: yes
configure:7623: checking for stdio.h
configure:7623: gcc -c -g -O2  conftest.c >&5
configure:7623: $? = 0
configure:7623: result: yes
configure:7623: checking for stdlib.h
configure:7623: gcc -c -g -O2  conftest.c >&5
configure:7623: $? = 0
configure:7623: result: yes
configure:7623: checking for string.h
configure:7623: gcc -c -g -O2  conftest.c >&5
configure:7623: $? = 0
configure:7623: result: yes
configure:7623: checking for inttypes.h
configure:7623: gcc -c -g -O2  conftest.c >&5
configure:7623: $? = 0
configure:7623: result: yes
configure:7623: checking for stdint.h
configure:7623: gcc -c -g -O2  conftest.c >&5
configure:7623: $? = 0
configure:7623: result: yes
configure:7623: checking for strings.h
configure:7623: gcc -c -g -O2  conftest.c >&5
configure:7623: $? = 0
configure:7623: result: yes
configure:7623: checking for sys/stat.h
configure:7623: gcc -c -g -O2  conftest.c >&5
configure:7623: $? = 0
configure:7623: result: yes
configure:7623: checking for sys/types.h
configure:7623: gcc -c -g -O2  conftest.c >&5
configure:7623: $? = 0
configure:7623: result: yes
configure:7623: checking for unistd.h
configure:7623: gcc -c -g -O2  conftest.c >&5
configure:7623: $? = 0
configure:7623: result: yes
configure:7648: checking for dlfcn.h
configure:7648: gcc -c -g -O2  conftest.c >&5
configure:7648: $? = 0
configure:7648: result: yes
configure:7906: checking for objdir
configure:7922: result: .libs
configure:8186: checking if gcc supports -fno-rtti -fno-exceptions
configure:8205: gcc -c -g -O2  -fno-rtti -fno-exceptions conftest.c >&5
configure:8209: $? = 0
configure:8222: result: yes
configure:8580: checking for gcc option to produce PIC
configure:8588: result: -fno-common -DPIC
configure:8596: checking if gcc PIC flag -fno-common -DPIC works
configure:8615: gcc -c -g -O2  -fno-common -DPIC -DPIC conftest.c >&5
configure:8619: $? = 0
configure:8632: result: yes
configure:8661: checking if gcc static flag -static works
configure:8690: result: no
configure:8705: checking if gcc supports -c -o file.o
configure:8727: gcc -c -g -O2  -o out/conftest2.o conftest.c >&5
configure:8731: $? = 0
configure:8753: result: yes
configure:8761: checking if gcc supports -c -o file.o
configure:8809: result: yes
configure:8842: checking whether the gcc linker (/Library/Developer/CommandLineTools/usr/bin/ld) supports shared libraries
configure:10108: result: yes
configure:10349: checking dynamic linker characteristics
configure:11170: result: darwin21.5.0 dyld
configure:11292: checking how to hardcode library paths into programs
configure:11317: result: immediate
configure:11869: checking whether stripping libraries is possible
configure:11883: result: yes
configure:11909: checking if libtool supports shared libraries
configure:11911: result: yes
configure:11914: checking whether to build shared libraries
configure:11939: result: yes
configure:11942: checking whether to build static libraries
configure:11946: result: no
configure:12103: JAVA_HOME was set, checking to see if it's a JDK we can use...
configure:12108: checking if '/Library/Java/JavaVirtualMachines/jdk1.8.0_251.jdk/Contents/Home/' is a JDK
configure:12161: gcc -c -g -O2  -I/Library/Java/JavaVirtualMachines/jdk1.8.0_251.jdk/Contents/Home//include -I/Library/Java/JavaVirtualMachines/jdk1.8.0_251.jdk/Contents/Home//include/darwin conftest.c >&5
configure:12161: $? = 0
configure:12176: result: yes
configure:12459: checking for glusterfs/api/glfs.h
configure:12459: gcc -c -g -O2  conftest.c >&5
configure:12459: $? = 0
configure:12459: result: yes
configure:12467: checking for glfs_new in -lgfapi
configure:12490: gcc -o conftest -g -O2   conftest.c -lgfapi   >&5
configure:12490: $? = 0
configure:12500: result: yes
configure:12520: checking OS X SDK version
configure:12544: result: 
configure:12549: checking whether to build universal binaries
configure:12581: result: no
configure:12628: checking whether build environment is sane
configure:12683: result: yes
configure:12838: checking for a race-free mkdir -p
configure:12882: result: ./autotools/install-sh -c -d
configure:12885: checking whether make sets $(MAKE)
configure:12908: result: yes
configure:12938: checking whether make supports nested variables
configure:12956: result: yes
configure:13203: checking that generated files are newer than configure
configure:13209: result: done
configure:13224: creating ./config.status

## ---------------------- ##
## Running config.status. ##
## ---------------------- ##

This file was extended by libgfapi-jni config.status 1.0.4, which was
generated by GNU Autoconf 2.71.  Invocation command line was

  CONFIG_FILES    = 
  CONFIG_HEADERS  = 
  CONFIG_LINKS    = 
  CONFIG_COMMANDS = 
  $ ./config.status 

on Sevens-MacBook-Air.local

config.status:1078: creating Makefile
config.status:1078: creating src/config.h
config.status:1307: executing libtool commands

## ---------------- ##
## Cache variables. ##
## ---------------- ##

ac_cv_build=x86_64-apple-darwin21.5.0
ac_cv_c_compiler_gnu=yes
ac_cv_env_CC_set=
ac_cv_env_CC_value=
ac_cv_env_CFLAGS_set=
ac_cv_env_CFLAGS_value=
ac_cv_env_CPPFLAGS_set=
ac_cv_env_CPPFLAGS_value=
ac_cv_env_LDFLAGS_set=
ac_cv_env_LDFLAGS_value=
ac_cv_env_LIBS_set=
ac_cv_env_LIBS_value=
ac_cv_env_LT_SYS_LIBRARY_PATH_set=
ac_cv_env_LT_SYS_LIBRARY_PATH_value=
ac_cv_env_build_alias_set=
ac_cv_env_build_alias_value=
ac_cv_env_host_alias_set=
ac_cv_env_host_alias_value=
ac_cv_env_target_alias_set=
ac_cv_env_target_alias_value=
ac_cv_header_dlfcn_h=yes
ac_cv_header_glusterfs_api_glfs_h=yes
ac_cv_header_inttypes_h=yes
ac_cv_header_stdint_h=yes
ac_cv_header_stdio_h=yes
ac_cv_header_stdlib_h=yes
ac_cv_header_string_h=yes
ac_cv_header_strings_h=yes
ac_cv_header_sys_stat_h=yes
ac_cv_header_sys_types_h=yes
ac_cv_header_unistd_h=yes
ac_cv_host=x86_64-apple-darwin21.5.0
ac_cv_lib_gfapi_glfs_new=yes
ac_cv_objext=o
ac_cv_path_EGREP='/usr/local/bin/ggrep -E'
ac_cv_path_FGREP='/usr/local/bin/ggrep -F'
ac_cv_path_GREP=/usr/local/bin/ggrep
ac_cv_path_SED=/usr/local/bin/gsed
ac_cv_path_install='/usr/bin/install -c'
ac_cv_path_lt_DD=/bin/dd
ac_cv_prog_AWK=gawk
ac_cv_prog_ac_ct_AR=ar
ac_cv_prog_ac_ct_CC=gcc
ac_cv_prog_ac_ct_DSYMUTIL=dsymutil
ac_cv_prog_ac_ct_LIPO=lipo
ac_cv_prog_ac_ct_NMEDIT=nmedit
ac_cv_prog_ac_ct_OBJDUMP=objdump
ac_cv_prog_ac_ct_OTOOL=otool
ac_cv_prog_ac_ct_RANLIB=ranlib
ac_cv_prog_ac_ct_STRIP=strip
ac_cv_prog_cc_c11=
ac_cv_prog_cc_g=yes
ac_cv_prog_cc_stdc=
ac_cv_prog_make_make_set=yes
ac_cv_target=x86_64-apple-darwin21.5.0
am_cv_ar_interface=ar
am_cv_make_support_nested_variables=yes
am_cv_prog_cc_c_o=yes
lt_cv_apple_cc_single_mod=yes
lt_cv_ar_at_file=no
lt_cv_deplibs_check_method=pass_all
lt_cv_file_magic_cmd='$MAGIC_CMD'
lt_cv_file_magic_test_file=
lt_cv_ld_exported_symbols_list=yes
lt_cv_ld_force_load=yes
lt_cv_ld_reload_flag=-r
lt_cv_nm_interface='BSD nm'
lt_cv_objdir=.libs
lt_cv_path_LD=/Library/Developer/CommandLineTools/usr/bin/ld
lt_cv_path_NM='/usr/bin/nm -B'
lt_cv_path_mainfest_tool=no
lt_cv_prog_compiler_c_o=yes
lt_cv_prog_compiler_pic='-fno-common -DPIC'
lt_cv_prog_compiler_pic_works=yes
lt_cv_prog_compiler_rtti_exceptions=yes
lt_cv_prog_compiler_static_works=no
lt_cv_prog_gnu_ld=no
lt_cv_sharedlib_from_linklib_cmd='printf %s\n'
lt_cv_sys_global_symbol_pipe='sed -n -e '\''s/^.*[	 ]\([ABCDGIRSTW][ABCDGIRSTW]*\)[	 ][	 ]*_\([_A-Za-z][_A-Za-z0-9]*\)$/\1 _\2 \2/p'\'' | sed '\''/ __gnu_lto/d'\'''
lt_cv_sys_global_symbol_to_c_name_address='sed -n -e '\''s/^: \(.*\) .*$/  {"\1", (void *) 0},/p'\'' -e '\''s/^[ABCDGIRSTW][ABCDGIRSTW]* .* \(.*\)$/  {"\1", (void *) \&\1},/p'\'''
lt_cv_sys_global_symbol_to_c_name_address_lib_prefix='sed -n -e '\''s/^: \(.*\) .*$/  {"\1", (void *) 0},/p'\'' -e '\''s/^[ABCDGIRSTW][ABCDGIRSTW]* .* \(lib.*\)$/  {"\1", (void *) \&\1},/p'\'' -e '\''s/^[ABCDGIRSTW][ABCDGIRSTW]* .* \(.*\)$/  {"lib\1", (void *) \&\1},/p'\'''
lt_cv_sys_global_symbol_to_cdecl='sed -n -e '\''s/^T .* \(.*\)$/extern int \1();/p'\'' -e '\''s/^[ABCDGIRSTW][ABCDGIRSTW]* .* \(.*\)$/extern char \1;/p'\'''
lt_cv_sys_global_symbol_to_import=
lt_cv_sys_max_cmd_len=786432
lt_cv_to_host_file_cmd=func_convert_file_noop
lt_cv_to_tool_file_cmd=func_convert_file_noop
lt_cv_truncate_bin='/bin/dd bs=4096 count=1'

## ----------------- ##
## Output variables. ##
## ----------------- ##

ACLOCAL='${SHELL} '\''/Users/Seven/workspace/libgfapi-java/native-package/autotools/missing'\'' aclocal-1.16'
AMTAR='$${TAR-tar}'
AM_BACKSLASH='\'
AM_DEFAULT_V='$(AM_DEFAULT_VERBOSITY)'
AM_DEFAULT_VERBOSITY='1'
AM_V='$(V)'
AR='ar'
AUTOCONF='${SHELL} '\''/Users/Seven/workspace/libgfapi-java/native-package/autotools/missing'\'' autoconf'
AUTOHEADER='${SHELL} '\''/Users/Seven/workspace/libgfapi-java/native-package/autotools/missing'\'' autoheader'
AUTOMAKE='${SHELL} '\''/Users/Seven/workspace/libgfapi-java/native-package/autotools/missing'\'' automake-1.16'
AWK='gawk'
CC='gcc'
CFLAGS='-g -O2 -I/Library/Java/JavaVirtualMachines/jdk1.8.0_251.jdk/Contents/Home//include -I/Library/Java/JavaVirtualMachines/jdk1.8.0_251.jdk/Contents/Home//include/darwin'
CPPFLAGS=''
CSCOPE='cscope'
CTAGS='ctags'
CXXFLAGS=' -I/Library/Java/JavaVirtualMachines/jdk1.8.0_251.jdk/Contents/Home//include -I/Library/Java/JavaVirtualMachines/jdk1.8.0_251.jdk/Contents/Home//include/darwin'
CYGPATH_W='echo'
DEFS='-DHAVE_CONFIG_H'
DLLTOOL='false'
DSYMUTIL='dsymutil'
DUMPBIN=''
ECHO_C='\c'
ECHO_N=''
ECHO_T=''
EGREP='/usr/local/bin/ggrep -E'
ETAGS='etags'
EXEEXT=''
FGREP='/usr/local/bin/ggrep -F'
GREP='/usr/local/bin/ggrep'
INSTALL_DATA='${INSTALL} -m 644'
INSTALL_PROGRAM='${INSTALL}'
INSTALL_SCRIPT='${INSTALL}'
INSTALL_STRIP_PROGRAM='$(install_sh) -c -s'
JNI_EXTRA_CFLAGS='-I/Library/Java/JavaVirtualMachines/jdk1.8.0_251.jdk/Contents/Home//include -I/Library/Java/JavaVirtualMachines/jdk1.8.0_251.jdk/Contents/Home//include/darwin'
JNI_EXTRA_LDFLAGS='-shrext .jnilib -dynamiclib'
JNI_JDK='/Library/Java/JavaVirtualMachines/jdk1.8.0_251.jdk/Contents/Home/'
LD='/Library/Developer/CommandLineTools/usr/bin/ld'
LDFLAGS=' -shrext .jnilib -dynamiclib -release 1.0.4'
LIBOBJS=''
LIBS='-lgfapi '
LIBTOOL='$(SHELL) $(top_builddir)/libtool'
LIPO='lipo'
LN_S='ln -s'
LTLIBOBJS=''
LT_SYS_LIBRARY_PATH=''
MAKEINFO='${SHELL} '\''/Users/Seven/workspace/libgfapi-java/native-package/autotools/missing'\'' makeinfo'
MANIFEST_TOOL=':'
MKDIR_P='./autotools/install-sh -c -d'
NM='/usr/bin/nm -B'
NMEDIT='nmedit'
OBJDUMP='objdump'
OBJEXT='o'
OSX_SDKS_DIR=''
OSX_VERSION=''
OTOOL64=':'
OTOOL='otool'
PACKAGE='libgfapi-jni'
PACKAGE_BUGREPORT=''
PACKAGE_NAME='libgfapi-jni'
PACKAGE_STRING='libgfapi-jni 1.0.4'
PACKAGE_TARNAME='libgfapi-jni'
PACKAGE_URL=''
PACKAGE_VERSION='1.0.4'
PATH_SEPARATOR=':'
RANLIB='ranlib'
SED='/usr/local/bin/gsed'
SET_MAKE=''
SHELL='/bin/sh'
STRIP='strip'
VERSION='1.0.4'
ac_ct_AR='ar'
ac_ct_CC='gcc'
ac_ct_DUMPBIN=''
am__EXEEXT_FALSE=''
am__EXEEXT_TRUE='#'
am__isrc=''
am__leading_dot='.'
am__tar='$${TAR-tar} chof - "$$tardir"'
am__untar='$${TAR-tar} xf -'
bindir='${exec_prefix}/bin'
build='x86_64-apple-darwin21.5.0'
build_alias=''
build_cpu='x86_64'
build_os='darwin21.5.0'
build_vendor='apple'
datadir='${datarootdir}'
datarootdir='${prefix}/share'
docdir='${datarootdir}/doc/${PACKAGE_TARNAME}'
dvidir='${docdir}'
exec_prefix='${prefix}'
host='x86_64-apple-darwin21.5.0'
host_alias=''
host_cpu='x86_64'
host_os='darwin21.5.0'
host_vendor='apple'
htmldir='${docdir}'
includedir='${prefix}/include'
infodir='${datarootdir}/info'
install_sh='${SHELL} /Users/Seven/workspace/libgfapi-java/native-package/autotools/install-sh'
libdir='${exec_prefix}/lib'
libexecdir='${exec_prefix}/libexec'
localedir='${datarootdir}/locale'
localstatedir='${prefix}/var'
mandir='${datarootdir}/man'
mkdir_p='$(MKDIR_P)'
oldincludedir='/usr/include'
pdfdir='${docdir}'
prefix='/usr/local'
program_transform_name='s,x,x,'
psdir='${docdir}'
runstatedir='${localstatedir}/run'
sbindir='${exec_prefix}/sbin'
sharedstatedir='${prefix}/com'
sysconfdir='${prefix}/etc'
target='x86_64-apple-darwin21.5.0'
target_alias=''
target_cpu='x86_64'
target_os='darwin21.5.0'
target_vendor='apple'

## ----------- ##
## confdefs.h. ##
## ----------- ##

/* confdefs.h */
#define PACKAGE_NAME "libgfapi-jni"
#define PACKAGE_TARNAME "libgfapi-jni"
#define PACKAGE_VERSION "1.0.4"
#define PACKAGE_STRING "libgfapi-jni 1.0.4"
#define PACKAGE_BUGREPORT ""
#define PACKAGE_URL ""
#define HAVE_STDIO_H 1
#define HAVE_STDLIB_H 1
#define HAVE_STRING_H 1
#define HAVE_INTTYPES_H 1
#define HAVE_STDINT_H 1
#define HAVE_STRINGS_H 1
#define HAVE_SYS_STAT_H 1
#define HAVE_SYS_TYPES_H 1
#define HAVE_UNISTD_H 1
#define STDC_HEADERS 1
#define HAVE_DLFCN_H 1
#define LT_OBJDIR ".libs/"
#define HAVE_LIBGFAPI 1
#define PACKAGE "libgfapi-jni"
#define VERSION "1.0.4"

configure: exit 0
